<?xml version="1.0" encoding="UTF-8"?>
<testsuite name="DetTekoAlyJUnitTest" tests="4" skipped="0" failures="0" errors="0" timestamp="2018-03-16T15:21:50" hostname="Löllö-PC" time="0.048">
  <properties/>
  <testcase name="linnanSijoitusMatriisi" classname="DetTekoAlyJUnitTest" time="0.021"/>
  <testcase name="pellonSijoitusMartiisi" classname="DetTekoAlyJUnitTest" time="0.011"/>
  <testcase name="pelaaPelto" classname="DetTekoAlyJUnitTest" time="0.007"/>
  <testcase name="pelaaLinna" classname="DetTekoAlyJUnitTest" time="0.006"/>
  <system-out><![CDATA[]]></system-out>
  <system-err><![CDATA[]]></system-err>
</testsuite>
