<?xml version="1.0" encoding="UTF-8"?>
<testsuite name="PelaajaJUnitTest" tests="1" skipped="0" failures="0" errors="0" timestamp="2018-03-16T15:21:50" hostname="Löllö-PC" time="0.003">
  <properties/>
  <testcase name="testiPelaaja" classname="PelaajaJUnitTest" time="0.003"/>
  <system-out><![CDATA[]]></system-out>
  <system-err><![CDATA[]]></system-err>
</testsuite>
