<?xml version="1.0" encoding="UTF-8"?>
<testsuite name="PeliPuuTekoAlyJUnitTest" tests="7" skipped="0" failures="0" errors="0" timestamp="2018-03-16T15:21:50" hostname="Löllö-PC" time="0.385">
  <properties/>
  <testcase name="arvo" classname="PeliPuuTekoAlyJUnitTest" time="0.206"/>
  <testcase name="erotus" classname="PeliPuuTekoAlyJUnitTest" time="0.0"/>
  <testcase name="linnanSijoitusMatriisi" classname="PeliPuuTekoAlyJUnitTest" time="0.023"/>
  <testcase name="pellonSijoitusMatriisi" classname="PeliPuuTekoAlyJUnitTest" time="0.046"/>
  <testcase name="yksiSiirtoEteenpain" classname="PeliPuuTekoAlyJUnitTest" time="0.001"/>
  <testcase name="sijoitaPelto" classname="PeliPuuTekoAlyJUnitTest" time="0.046"/>
  <testcase name="sijoitaLinna" classname="PeliPuuTekoAlyJUnitTest" time="0.059"/>
  <system-out><![CDATA[]]></system-out>
  <system-err><![CDATA[]]></system-err>
</testsuite>
