<?xml version="1.0" encoding="UTF-8"?>
<testsuite name="PinoJUnitTest" tests="2" skipped="0" failures="0" errors="0" timestamp="2018-03-16T15:21:50" hostname="Löllö-PC" time="0.002">
  <properties/>
  <testcase name="tauluPino" classname="PinoJUnitTest" time="0.0"/>
  <testcase name="intPino" classname="PinoJUnitTest" time="0.001"/>
  <system-out><![CDATA[]]></system-out>
  <system-err><![CDATA[]]></system-err>
</testsuite>
