<?xml version="1.0" encoding="UTF-8"?>
<testsuite name="PeliJUnitTest" tests="5" skipped="0" failures="0" errors="0" timestamp="2018-03-16T15:21:50" hostname="Löllö-PC" time="0.007">
  <properties/>
  <testcase name="vahennaSeuraajaJosAsetettu" classname="PeliJUnitTest" time="0.0"/>
  <testcase name="paivita" classname="PeliJUnitTest" time="0.002"/>
  <testcase name="loppuPisteet1" classname="PeliJUnitTest" time="0.002"/>
  <testcase name="loppuPisteet2" classname="PeliJUnitTest" time="0.001"/>
  <testcase name="vaihdaVuoro" classname="PeliJUnitTest" time="0.0"/>
  <system-out><![CDATA[]]></system-out>
  <system-err><![CDATA[]]></system-err>
</testsuite>
